This file contains any messages produced by compilers while
running configure, to aid debugging if configure makes a mistake.

It was created by hello-pkg configure 1.0, which was
generated by GNU Autoconf 2.69.  Invocation command line was

  $ ./configure CFLAGS=-g -O0

## --------- ##
## Platform. ##
## --------- ##

hostname = nike.dmcit.co.kr
uname -m = x86_64
uname -r = 3.10.0-1160.31.1.el7.x86_64
uname -s = Linux
uname -v = #1 SMP Thu Jun 10 13:32:12 UTC 2021

/usr/bin/uname -p = x86_64
/bin/uname -X     = unknown

/bin/arch              = x86_64
/usr/bin/arch -k       = unknown
/usr/convex/getsysinfo = unknown
/usr/bin/hostinfo      = unknown
/bin/machine           = unknown
/usr/bin/oslevel       = unknown
/bin/universe          = unknown

PATH: /usr/lib64/qt-3.3/bin
PATH: /home/jinynet9/perl5/bin
PATH: /usr/local/bin
PATH: /usr/bin
PATH: /usr/local/sbin
PATH: /usr/sbin
PATH: /home/jinynet9/rootfs/home/bin
PATH: /home/jinynet9/.local/bin
PATH: /home/jinynet9/bin
PATH: /home/jinynet9/rootfs/home/bin
PATH: /home/jinynet9/rootfs/bash/scripts
PATH: /home/jinynet9/rootfs/home/bin
PATH: /home/jinynet9/control-project/DW1014-5G/apps_proc/poky/bitbake/bin


## ----------- ##
## Core tests. ##
## ----------- ##

configure:2121: checking for a BSD-compatible install
configure:2189: result: /usr/bin/install -c
configure:2200: checking whether build environment is sane
configure:2255: result: yes
configure:2406: checking for a thread-safe mkdir -p
configure:2445: result: /usr/bin/mkdir -p
configure:2452: checking for gawk
configure:2468: found /usr/bin/gawk
configure:2479: result: gawk
configure:2490: checking whether make sets $(MAKE)
configure:2512: result: yes
configure:2541: checking whether make supports nested variables
configure:2558: result: yes
configure:2695: checking for gcc
configure:2711: found /usr/bin/gcc
configure:2722: result: gcc
configure:2951: checking for C compiler version
configure:2960: gcc --version >&5
gcc (GCC) 4.8.5 20150623 (Red Hat 4.8.5-39)
Copyright (C) 2015 Free Software Foundation, Inc.
This is free software; see the source for copying conditions.  There is NO
warranty; not even for MERCHANTABILITY or FITNESS FOR A PARTICULAR PURPOSE.

configure:2971: $? = 0
configure:2960: gcc -v >&5
Using built-in specs.
COLLECT_GCC=gcc
COLLECT_LTO_WRAPPER=/usr/libexec/gcc/x86_64-redhat-linux/4.8.5/lto-wrapper
Target: x86_64-redhat-linux
Configured with: ../configure --prefix=/usr --mandir=/usr/share/man --infodir=/usr/share/info --with-bugurl=http://bugzilla.redhat.com/bugzilla --enable-bootstrap --enable-shared --enable-threads=posix --enable-checking=release --with-system-zlib --enable-__cxa_atexit --disable-libunwind-exceptions --enable-gnu-unique-object --enable-linker-build-id --with-linker-hash-style=gnu --enable-languages=c,c++,objc,obj-c++,java,fortran,ada,go,lto --enable-plugin --enable-initfini-array --disable-libgcj --with-isl=/builddir/build/BUILD/gcc-4.8.5-20150702/obj-x86_64-redhat-linux/isl-install --with-cloog=/builddir/build/BUILD/gcc-4.8.5-20150702/obj-x86_64-redhat-linux/cloog-install --enable-gnu-indirect-function --with-tune=generic --with-arch_32=x86-64 --build=x86_64-redhat-linux
Thread model: posix
gcc version 4.8.5 20150623 (Red Hat 4.8.5-39) (GCC) 
configure:2971: $? = 0
configure:2960: gcc -V >&5
gcc: error: unrecognized command line option '-V'
gcc: fatal error: no input files
compilation terminated.
configure:2971: $? = 4
configure:2960: gcc -qversion >&5
gcc: error: unrecognized command line option '-qversion'
gcc: fatal error: no input files
compilation terminated.
configure:2971: $? = 4
configure:2991: checking whether the C compiler works
configure:3013: gcc -g -O0   conftest.c  >&5
configure:3017: $? = 0
configure:3065: result: yes
configure:3068: checking for C compiler default output file name
configure:3070: result: a.out
configure:3076: checking for suffix of executables
configure:3083: gcc -o conftest -g -O0   conftest.c  >&5
configure:3087: $? = 0
configure:3109: result: 
configure:3131: checking whether we are cross compiling
configure:3139: gcc -o conftest -g -O0   conftest.c  >&5
configure:3143: $? = 0
configure:3150: ./conftest
configure:3154: $? = 0
configure:3169: result: no
configure:3174: checking for suffix of object files
configure:3196: gcc -c -g -O0  conftest.c >&5
configure:3200: $? = 0
configure:3221: result: o
configure:3225: checking whether we are using the GNU C compiler
configure:3244: gcc -c -g -O0  conftest.c >&5
configure:3244: $? = 0
configure:3253: result: yes
configure:3262: checking whether gcc accepts -g
configure:3282: gcc -c -g  conftest.c >&5
configure:3282: $? = 0
configure:3323: result: yes
configure:3340: checking for gcc option to accept ISO C89
configure:3403: gcc  -c -g -O0  conftest.c >&5
configure:3403: $? = 0
configure:3416: result: none needed
configure:3447: checking for style of include used by make
configure:3475: result: GNU
configure:3501: checking dependency style of gcc
configure:3612: result: gcc3
configure:3628: checking whether gcc and cc understand -c and -o together
configure:3659: gcc -c conftest.c -o conftest2.o >&5
configure:3663: $? = 0
configure:3669: gcc -c conftest.c -o conftest2.o >&5
configure:3673: $? = 0
configure:3684: cc -c conftest.c >&5
configure:3688: $? = 0
configure:3696: cc -c conftest.c -o conftest2.o >&5
configure:3700: $? = 0
configure:3706: cc -c conftest.c -o conftest2.o >&5
configure:3710: $? = 0
configure:3728: result: yes
configure:3754: checking whether make sets $(MAKE)
configure:3776: result: yes
configure:3789: checking for main in -lm
configure:3808: gcc -o conftest -g -O0   conftest.c -lm   >&5
configure:3808: $? = 0
configure:3817: result: yes
configure:3835: checking how to run the C preprocessor
configure:3866: gcc -E  conftest.c
configure:3866: $? = 0
configure:3880: gcc -E  conftest.c
conftest.c:12:28: fatal error: ac_nonexistent.h: No such file or directory
 #include <ac_nonexistent.h>
                            ^
compilation terminated.
configure:3880: $? = 1
configure: failed program was:
| /* confdefs.h */
| #define PACKAGE_NAME "hello-pkg"
| #define PACKAGE_TARNAME "hello-pkg"
| #define PACKAGE_VERSION "1.0"
| #define PACKAGE_STRING "hello-pkg 1.0"
| #define PACKAGE_BUGREPORT "bugreports@foo.com"
| #define PACKAGE_URL ""
| #define PACKAGE "hello-pkg"
| #define VERSION "1.0"
| #define HAVE_LIBM 1
| /* end confdefs.h.  */
| #include <ac_nonexistent.h>
configure:3905: result: gcc -E
configure:3925: gcc -E  conftest.c
configure:3925: $? = 0
configure:3939: gcc -E  conftest.c
conftest.c:12:28: fatal error: ac_nonexistent.h: No such file or directory
 #include <ac_nonexistent.h>
                            ^
compilation terminated.
configure:3939: $? = 1
configure: failed program was:
| /* confdefs.h */
| #define PACKAGE_NAME "hello-pkg"
| #define PACKAGE_TARNAME "hello-pkg"
| #define PACKAGE_VERSION "1.0"
| #define PACKAGE_STRING "hello-pkg 1.0"
| #define PACKAGE_BUGREPORT "bugreports@foo.com"
| #define PACKAGE_URL ""
| #define PACKAGE "hello-pkg"
| #define VERSION "1.0"
| #define HAVE_LIBM 1
| /* end confdefs.h.  */
| #include <ac_nonexistent.h>
configure:3968: checking for grep that handles long lines and -e
configure:4026: result: /usr/bin/grep
configure:4031: checking for egrep
configure:4093: result: /usr/bin/grep -E
configure:4098: checking for ANSI C header files
configure:4118: gcc -c -g -O0  conftest.c >&5
configure:4118: $? = 0
configure:4191: gcc -o conftest -g -O0   conftest.c -lm  >&5
configure:4191: $? = 0
configure:4191: ./conftest
configure:4191: $? = 0
configure:4202: result: yes
configure:4215: checking for sys/types.h
configure:4215: gcc -c -g -O0  conftest.c >&5
configure:4215: $? = 0
configure:4215: result: yes
configure:4215: checking for sys/stat.h
configure:4215: gcc -c -g -O0  conftest.c >&5
configure:4215: $? = 0
configure:4215: result: yes
configure:4215: checking for stdlib.h
configure:4215: gcc -c -g -O0  conftest.c >&5
configure:4215: $? = 0
configure:4215: result: yes
configure:4215: checking for string.h
configure:4215: gcc -c -g -O0  conftest.c >&5
configure:4215: $? = 0
configure:4215: result: yes
configure:4215: checking for memory.h
configure:4215: gcc -c -g -O0  conftest.c >&5
configure:4215: $? = 0
configure:4215: result: yes
configure:4215: checking for strings.h
configure:4215: gcc -c -g -O0  conftest.c >&5
configure:4215: $? = 0
configure:4215: result: yes
configure:4215: checking for inttypes.h
configure:4215: gcc -c -g -O0  conftest.c >&5
configure:4215: $? = 0
configure:4215: result: yes
configure:4215: checking for stdint.h
configure:4215: gcc -c -g -O0  conftest.c >&5
configure:4215: $? = 0
configure:4215: result: yes
configure:4215: checking for unistd.h
configure:4215: gcc -c -g -O0  conftest.c >&5
configure:4215: $? = 0
configure:4215: result: yes
configure:4230: checking for stdint.h
configure:4230: result: yes
configure:4230: checking for stdlib.h
configure:4230: result: yes
configure:4230: checking for string.h
configure:4230: result: yes
configure:4230: checking for unistd.h
configure:4230: result: yes
configure:4356: checking that generated files are newer than configure
configure:4362: result: done
configure:4385: creating ./config.status

## ---------------------- ##
## Running config.status. ##
## ---------------------- ##

This file was extended by hello-pkg config.status 1.0, which was
generated by GNU Autoconf 2.69.  Invocation command line was

  CONFIG_FILES    = 
  CONFIG_HEADERS  = 
  CONFIG_LINKS    = 
  CONFIG_COMMANDS = 
  $ ./config.status 

on nike.dmcit.co.kr

config.status:857: creating Makefile
config.status:857: creating config.h
config.status:1086: executing depfiles commands

## ---------------- ##
## Cache variables. ##
## ---------------- ##

ac_cv_c_compiler_gnu=yes
ac_cv_env_CC_set=
ac_cv_env_CC_value=
ac_cv_env_CFLAGS_set=set
ac_cv_env_CFLAGS_value='-g -O0'
ac_cv_env_CPPFLAGS_set=
ac_cv_env_CPPFLAGS_value=
ac_cv_env_CPP_set=
ac_cv_env_CPP_value=
ac_cv_env_LDFLAGS_set=
ac_cv_env_LDFLAGS_value=
ac_cv_env_LIBS_set=
ac_cv_env_LIBS_value=
ac_cv_env_build_alias_set=
ac_cv_env_build_alias_value=
ac_cv_env_host_alias_set=
ac_cv_env_host_alias_value=
ac_cv_env_target_alias_set=
ac_cv_env_target_alias_value=
ac_cv_header_inttypes_h=yes
ac_cv_header_memory_h=yes
ac_cv_header_stdc=yes
ac_cv_header_stdint_h=yes
ac_cv_header_stdlib_h=yes
ac_cv_header_string_h=yes
ac_cv_header_strings_h=yes
ac_cv_header_sys_stat_h=yes
ac_cv_header_sys_types_h=yes
ac_cv_header_unistd_h=yes
ac_cv_lib_m_main=yes
ac_cv_objext=o
ac_cv_path_EGREP='/usr/bin/grep -E'
ac_cv_path_GREP=/usr/bin/grep
ac_cv_path_install='/usr/bin/install -c'
ac_cv_path_mkdir=/usr/bin/mkdir
ac_cv_prog_AWK=gawk
ac_cv_prog_CPP='gcc -E'
ac_cv_prog_ac_ct_CC=gcc
ac_cv_prog_cc_c89=
ac_cv_prog_cc_g=yes
ac_cv_prog_cc_gcc_c_o=yes
ac_cv_prog_make_make_set=yes
am_cv_CC_dependencies_compiler_type=gcc3
am_cv_make_support_nested_variables=yes

## ----------------- ##
## Output variables. ##
## ----------------- ##

ACLOCAL='${SHELL} /home/jinynet9/work/makefile/automake/missing aclocal-1.13'
AMDEPBACKSLASH='\'
AMDEP_FALSE='#'
AMDEP_TRUE=''
AMTAR='$${TAR-tar}'
AM_BACKSLASH='\'
AM_DEFAULT_V='$(AM_DEFAULT_VERBOSITY)'
AM_DEFAULT_VERBOSITY='1'
AM_V='$(V)'
AUTOCONF='${SHELL} /home/jinynet9/work/makefile/automake/missing autoconf'
AUTOHEADER='${SHELL} /home/jinynet9/work/makefile/automake/missing autoheader'
AUTOMAKE='${SHELL} /home/jinynet9/work/makefile/automake/missing automake-1.13'
AWK='gawk'
CC='gcc'
CCDEPMODE='depmode=gcc3'
CFLAGS='-g -O0'
CPP='gcc -E'
CPPFLAGS=''
CYGPATH_W='echo'
DEFS='-DHAVE_CONFIG_H'
DEPDIR='.deps'
ECHO_C=''
ECHO_N='-n'
ECHO_T=''
EGREP='/usr/bin/grep -E'
EXEEXT=''
GREP='/usr/bin/grep'
INSTALL_DATA='${INSTALL} -m 644'
INSTALL_PROGRAM='${INSTALL}'
INSTALL_SCRIPT='${INSTALL}'
INSTALL_STRIP_PROGRAM='$(install_sh) -c -s'
LDFLAGS=''
LIBOBJS=''
LIBS='-lm '
LTLIBOBJS=''
MAKEINFO='${SHELL} /home/jinynet9/work/makefile/automake/missing makeinfo'
MKDIR_P='/usr/bin/mkdir -p'
OBJEXT='o'
PACKAGE='hello-pkg'
PACKAGE_BUGREPORT='bugreports@foo.com'
PACKAGE_NAME='hello-pkg'
PACKAGE_STRING='hello-pkg 1.0'
PACKAGE_TARNAME='hello-pkg'
PACKAGE_URL=''
PACKAGE_VERSION='1.0'
PATH_SEPARATOR=':'
SET_MAKE=''
SHELL='/bin/sh'
STRIP=''
VERSION='1.0'
ac_ct_CC='gcc'
am__EXEEXT_FALSE=''
am__EXEEXT_TRUE='#'
am__fastdepCC_FALSE='#'
am__fastdepCC_TRUE=''
am__include='include'
am__isrc=''
am__leading_dot='.'
am__nodep='_no'
am__quote=''
am__tar='$${TAR-tar} chof - "$$tardir"'
am__untar='$${TAR-tar} xf -'
bindir='${exec_prefix}/bin'
build_alias=''
datadir='${datarootdir}'
datarootdir='${prefix}/share'
docdir='${datarootdir}/doc/${PACKAGE_TARNAME}'
dvidir='${docdir}'
exec_prefix='${prefix}'
host_alias=''
htmldir='${docdir}'
includedir='${prefix}/include'
infodir='${datarootdir}/info'
install_sh='${SHELL} /home/jinynet9/work/makefile/automake/install-sh'
libdir='${exec_prefix}/lib'
libexecdir='${exec_prefix}/libexec'
localedir='${datarootdir}/locale'
localstatedir='${prefix}/var'
mandir='${datarootdir}/man'
mkdir_p='$(MKDIR_P)'
oldincludedir='/usr/include'
pdfdir='${docdir}'
prefix='/usr/local'
program_transform_name='s,x,x,'
psdir='${docdir}'
sbindir='${exec_prefix}/sbin'
sharedstatedir='${prefix}/com'
sysconfdir='${prefix}/etc'
target_alias=''

## ----------- ##
## confdefs.h. ##
## ----------- ##

/* confdefs.h */
#define PACKAGE_NAME "hello-pkg"
#define PACKAGE_TARNAME "hello-pkg"
#define PACKAGE_VERSION "1.0"
#define PACKAGE_STRING "hello-pkg 1.0"
#define PACKAGE_BUGREPORT "bugreports@foo.com"
#define PACKAGE_URL ""
#define PACKAGE "hello-pkg"
#define VERSION "1.0"
#define HAVE_LIBM 1
#define STDC_HEADERS 1
#define HAVE_SYS_TYPES_H 1
#define HAVE_SYS_STAT_H 1
#define HAVE_STDLIB_H 1
#define HAVE_STRING_H 1
#define HAVE_MEMORY_H 1
#define HAVE_STRINGS_H 1
#define HAVE_INTTYPES_H 1
#define HAVE_STDINT_H 1
#define HAVE_UNISTD_H 1
#define HAVE_STDINT_H 1
#define HAVE_STDLIB_H 1
#define HAVE_STRING_H 1
#define HAVE_UNISTD_H 1

configure: exit 0
